27-04-2022 19:25:47.929 [Gauge] [INFO] Initializing concepts cache with 0 concepts
27-04-2022 19:25:47.931 [Gauge] [INFO] Initializing specs cache with 1 specs
27-04-2022 19:25:47.931 [Gauge] [DEBUG] Adding specs from /Users/cristianogiulioni/Code/Pill/gauge/flowing/specs/example.spec
27-04-2022 19:25:47.931 [Gauge] [INFO] Initializing steps cache with 1 steps
27-04-2022 19:25:47.931 [Gauge] [DEBUG] Watching directory: /Users/cristianogiulioni/Code/Pill/gauge/flowing/specs
27-04-2022 19:25:47.931 [Gauge] [DEBUG] Found 1 files
27-04-2022 19:25:47.932 [Gauge] [INFO] Starting language runner
27-04-2022 19:25:55.424 [Gauge] [DEBUG] Attempting to connect to grpc server at port: 56107
27-04-2022 19:25:55.434 [Gauge] [DEBUG] Successfully made the connection with runner with port: 56107
27-04-2022 19:25:55.434 [Gauge] [INFO] LangServer: reading on stdin, writing on stdout
27-04-2022 19:25:55.487 [Gauge] [DEBUG] Validation started.
27-04-2022 19:25:55.741 [Gauge] [DEBUG] Validation completed.
27-04-2022 19:26:06.573 [Gauge] [DEBUG] Validation started.
27-04-2022 19:26:06.758 [Gauge] [DEBUG] Validation completed.
27-04-2022 19:26:12.825 [Gauge] [DEBUG] Validation started.
27-04-2022 19:26:13.067 [Gauge] [DEBUG] Validation completed.
27-04-2022 19:26:13.945 [Gauge] [DEBUG] Validation started.
27-04-2022 19:26:14.143 [Gauge] [DEBUG] Validation completed.
27-04-2022 19:26:19.429 [Gauge] [DEBUG] Validation started.
27-04-2022 19:26:19.997 [Gauge] [DEBUG] Validation completed.
27-04-2022 19:26:19.999 [Gauge] [DEBUG] Validation started.
27-04-2022 19:26:20.174 [Gauge] [DEBUG] Validation completed.
27-04-2022 19:26:34.840 [Gauge] [DEBUG] Validation started.
27-04-2022 19:26:34.901 [Gauge] [DEBUG] Validation completed.
27-04-2022 19:26:36.760 [Gauge] [DEBUG] Validation started.
27-04-2022 19:26:36.820 [Gauge] [DEBUG] Validation completed.
27-04-2022 19:26:37.704 [Gauge] [DEBUG] Validation started.
27-04-2022 19:26:37.764 [Gauge] [DEBUG] Validation completed.
27-04-2022 19:26:41.331 [Gauge] [DEBUG] request #24: textDocument/codeLens: failed to parse /Users/cristianogiulioni/Code/Pill/gauge/flowing/specs/example.spec
/Users/cristianogiulioni/Code/Pill/gauge/flowing/specs/example.spec:1 Spec should have atleast one scenario
27-04-2022 19:26:41.368 [Gauge] [DEBUG] Validation started.
27-04-2022 19:26:41.368 [Gauge] [DEBUG] Validation completed.
27-04-2022 19:26:41.429 [Gauge] [DEBUG] request #25: textDocument/documentSymbol: parsing failed for /Users/cristianogiulioni/Code/Pill/gauge/flowing/specs/example.spec. [[ParseError] /Users/cristianogiulioni/Code/Pill/gauge/flowing/specs/example.spec:1 Spec should have atleast one scenario => '']
27-04-2022 19:26:45.378 [Gauge] [DEBUG] Validation started.
27-04-2022 19:26:45.437 [Gauge] [DEBUG] Validation completed.
27-04-2022 19:26:50.319 [Gauge] [DEBUG] Spec file added / modified: /Users/cristianogiulioni/Code/Pill/gauge/flowing/specs/example.spec
27-04-2022 19:26:50.820 [Gauge] [DEBUG] Validation started.
27-04-2022 19:26:50.880 [Gauge] [DEBUG] Validation completed.
27-04-2022 19:26:53.695 [Gauge] [DEBUG] Validation started.
27-04-2022 19:26:53.753 [Gauge] [DEBUG] Validation completed.
27-04-2022 19:28:03.899 [Gauge] [DEBUG] Validation started.
27-04-2022 19:28:03.960 [Gauge] [DEBUG] Validation completed.
27-04-2022 19:28:04.573 [Gauge] [DEBUG] Validation started.
27-04-2022 19:28:04.632 [Gauge] [DEBUG] Validation completed.
27-04-2022 19:28:05.461 [Gauge] [DEBUG] Validation started.
27-04-2022 19:28:05.519 [Gauge] [DEBUG] Validation completed.
27-04-2022 19:28:05.917 [Gauge] [DEBUG] Validation started.
27-04-2022 19:28:05.975 [Gauge] [DEBUG] Validation completed.
27-04-2022 19:28:06.174 [Gauge] [DEBUG] Validation started.
27-04-2022 19:28:06.233 [Gauge] [DEBUG] Validation completed.
27-04-2022 19:28:06.510 [Gauge] [DEBUG] Validation started.
27-04-2022 19:28:06.568 [Gauge] [DEBUG] Validation completed.
27-04-2022 19:28:07.467 [Gauge] [DEBUG] Validation started.
27-04-2022 19:28:07.531 [Gauge] [DEBUG] Validation completed.
27-04-2022 19:28:11.203 [Gauge] [DEBUG] Validation started.
27-04-2022 19:28:11.242 [Gauge] [DEBUG] Validation completed.
27-04-2022 19:28:12.458 [Gauge] [DEBUG] Validation started.
27-04-2022 19:28:12.458 [Gauge] [DEBUG] Validation completed.
27-04-2022 19:28:12.617 [Gauge] [DEBUG] request #78: textDocument/codeLens: failed to parse /Users/cristianogiulioni/Code/Pill/gauge/flowing/specs/example.spec
/Users/cristianogiulioni/Code/Pill/gauge/flowing/specs/example.spec:3 Step should not be blank
27-04-2022 19:28:12.715 [Gauge] [DEBUG] request #80: textDocument/documentSymbol: parsing failed for /Users/cristianogiulioni/Code/Pill/gauge/flowing/specs/example.spec. [[ParseError] /Users/cristianogiulioni/Code/Pill/gauge/flowing/specs/example.spec:3 Step should not be blank => '']
27-04-2022 19:28:13.507 [Gauge] [DEBUG] Validation started.
27-04-2022 19:28:13.546 [Gauge] [DEBUG] Validation completed.
27-04-2022 19:28:15.255 [Gauge] [DEBUG] Validation started.
27-04-2022 19:28:15.256 [Gauge] [DEBUG] Validation completed.
27-04-2022 19:28:15.325 [Gauge] [DEBUG] Validation started.
27-04-2022 19:28:15.325 [Gauge] [DEBUG] Validation completed.
27-04-2022 19:28:15.461 [Gauge] [DEBUG] request #86: textDocument/codeLens: failed to parse /Users/cristianogiulioni/Code/Pill/gauge/flowing/specs/example.spec
/Users/cristianogiulioni/Code/Pill/gauge/flowing/specs/example.spec:3 Step should not be blank
27-04-2022 19:28:15.562 [Gauge] [DEBUG] request #87: textDocument/documentSymbol: parsing failed for /Users/cristianogiulioni/Code/Pill/gauge/flowing/specs/example.spec. [[ParseError] /Users/cristianogiulioni/Code/Pill/gauge/flowing/specs/example.spec:3 Step should not be blank => '']
27-04-2022 19:28:16.671 [Gauge] [DEBUG] Validation started.
27-04-2022 19:28:18.889 [Gauge] [DEBUG] request #94: textDocument/definition: Step implementation not found for step : Come utente vorrei poter accedere al sito di Flowing.it
27-04-2022 19:28:18.925 [Gauge] [DEBUG] Spec file added / modified: /Users/cristianogiulioni/Code/Pill/gauge/flowing/specs/example.spec
27-04-2022 19:28:41.069 [Gauge] [DEBUG] Validation started.
27-04-2022 19:28:41.925 [Gauge] [DEBUG] Validation started.
27-04-2022 19:28:51.200 [Gauge] [DEBUG] request #107: textDocument/codeLens: failed to parse /Users/cristianogiulioni/Code/Pill/gauge/flowing/specs/example.spec
/Users/cristianogiulioni/Code/Pill/gauge/flowing/specs/example.spec:1 Spec should have atleast one scenario
27-04-2022 19:28:51.237 [Gauge] [DEBUG] Validation started.
27-04-2022 19:28:51.237 [Gauge] [DEBUG] Validation completed.
27-04-2022 19:28:51.303 [Gauge] [DEBUG] request #108: textDocument/documentSymbol: parsing failed for /Users/cristianogiulioni/Code/Pill/gauge/flowing/specs/example.spec. [[ParseError] /Users/cristianogiulioni/Code/Pill/gauge/flowing/specs/example.spec:1 Spec should have atleast one scenario => '']
27-04-2022 19:28:54.708 [Gauge] [DEBUG] request #110: textDocument/definition: Step implementation not found for step : Must display {}
27-04-2022 19:28:54.777 [Gauge] [DEBUG] Validation started.
27-04-2022 19:29:02.540 [Gauge] [DEBUG] Validation started.
27-04-2022 19:29:06.022 [Gauge] [DEBUG] Validation started.
27-04-2022 19:29:06.384 [Gauge] [DEBUG] Validation started.
27-04-2022 19:29:09.609 [Gauge] [DEBUG] Validation started.
27-04-2022 19:29:10.073 [Gauge] [DEBUG] Validation started.
27-04-2022 19:29:11.856 [Gauge] [DEBUG] request #142: textDocument/definition: Step implementation not found for step : Come utente vorrei poter accedere al sito di Flowing.it
27-04-2022 19:29:11.919 [Gauge] [DEBUG] Validation started.
27-04-2022 19:29:12.228 [Gauge] [DEBUG] Spec file added / modified: /Users/cristianogiulioni/Code/Pill/gauge/flowing/specs/example.spec
27-04-2022 19:29:33.026 [js] [ERROR] Line 37: Unexpected token )
27-04-2022 19:29:33.146 [Gauge] [DEBUG] Validation started.
27-04-2022 19:29:34.267 [Gauge] [DEBUG] Validation started.
27-04-2022 19:29:34.286 [Gauge] [DEBUG] Validation completed.
27-04-2022 19:29:34.894 [Gauge] [DEBUG] Validation started.
27-04-2022 19:29:34.914 [Gauge] [DEBUG] Validation completed.
27-04-2022 19:29:36.386 [Gauge] [DEBUG] Validation started.
27-04-2022 19:29:36.406 [Gauge] [DEBUG] Validation completed.
27-04-2022 19:29:40.005 [Gauge] [DEBUG] Validation started.
27-04-2022 19:29:40.024 [Gauge] [DEBUG] Validation completed.
27-04-2022 19:29:40.982 [Gauge] [DEBUG] Validation started.
27-04-2022 19:29:41.003 [Gauge] [DEBUG] Validation completed.
27-04-2022 19:29:41.295 [Gauge] [DEBUG] Validation started.
27-04-2022 19:29:41.314 [Gauge] [DEBUG] Validation completed.
27-04-2022 19:29:42.113 [Gauge] [DEBUG] Validation started.
27-04-2022 19:29:42.133 [Gauge] [DEBUG] Validation completed.
27-04-2022 19:29:43.596 [Gauge] [DEBUG] Validation started.
27-04-2022 19:29:43.616 [Gauge] [DEBUG] Validation completed.
27-04-2022 19:29:43.893 [Gauge] [DEBUG] Validation started.
27-04-2022 19:29:43.913 [Gauge] [DEBUG] Validation completed.
27-04-2022 19:29:44.345 [Gauge] [DEBUG] Validation started.
27-04-2022 19:29:44.365 [Gauge] [DEBUG] Validation completed.
27-04-2022 19:29:44.768 [Gauge] [DEBUG] Validation started.
27-04-2022 19:29:44.788 [Gauge] [DEBUG] Validation completed.
27-04-2022 19:29:46.263 [Gauge] [DEBUG] Validation started.
27-04-2022 19:29:46.283 [Gauge] [DEBUG] Validation completed.
27-04-2022 19:29:59.286 [Gauge] [DEBUG] Validation started.
27-04-2022 19:29:59.305 [Gauge] [DEBUG] Validation completed.
27-04-2022 19:30:14.698 [Gauge] [DEBUG] Validation started.
27-04-2022 19:30:14.717 [Gauge] [DEBUG] Validation completed.
27-04-2022 19:30:15.436 [Gauge] [DEBUG] Validation started.
27-04-2022 19:30:15.455 [Gauge] [DEBUG] Validation completed.
27-04-2022 19:30:16.509 [Gauge] [DEBUG] Validation started.
27-04-2022 19:30:16.528 [Gauge] [DEBUG] Validation completed.
27-04-2022 19:30:16.878 [Gauge] [DEBUG] Validation started.
27-04-2022 19:30:16.898 [Gauge] [DEBUG] Validation completed.
27-04-2022 19:30:18.300 [Gauge] [DEBUG] Validation started.
27-04-2022 19:30:18.319 [Gauge] [DEBUG] Validation completed.
27-04-2022 19:30:19.070 [Gauge] [DEBUG] Validation started.
27-04-2022 19:30:19.090 [Gauge] [DEBUG] Validation completed.
27-04-2022 19:30:37.340 [js] [ERROR] Line 37: Unexpected token )
27-04-2022 19:30:37.461 [Gauge] [DEBUG] Validation started.
27-04-2022 19:30:37.481 [Gauge] [DEBUG] Validation completed.
27-04-2022 19:30:38.533 [Gauge] [DEBUG] Validation started.
27-04-2022 19:30:47.286 [Gauge] [DEBUG] Validation started.
27-04-2022 19:30:47.305 [Gauge] [DEBUG] Validation completed.
27-04-2022 19:30:48.306 [js] [ERROR] Line 37: Unexpected token )
27-04-2022 19:30:48.415 [Gauge] [DEBUG] Validation started.
27-04-2022 19:30:48.435 [Gauge] [DEBUG] Validation completed.
27-04-2022 19:30:49.677 [Gauge] [DEBUG] Validation started.
27-04-2022 19:30:49.696 [Gauge] [DEBUG] Validation completed.
27-04-2022 19:31:11.783 [Gauge] [DEBUG] Validation started.
27-04-2022 19:31:11.802 [Gauge] [DEBUG] Validation completed.
27-04-2022 19:31:12.534 [Gauge] [DEBUG] Validation started.
27-04-2022 19:31:12.553 [Gauge] [DEBUG] Validation completed.
27-04-2022 19:31:13.427 [Gauge] [DEBUG] Validation started.
27-04-2022 19:31:13.446 [Gauge] [DEBUG] Validation completed.
27-04-2022 19:31:13.732 [Gauge] [DEBUG] Validation started.
27-04-2022 19:31:13.751 [Gauge] [DEBUG] Validation completed.
27-04-2022 19:31:14.697 [Gauge] [DEBUG] Validation started.
27-04-2022 19:31:14.716 [Gauge] [DEBUG] Validation completed.
27-04-2022 19:31:14.964 [Gauge] [DEBUG] Validation started.
27-04-2022 19:31:14.984 [Gauge] [DEBUG] Validation completed.
27-04-2022 19:31:15.372 [Gauge] [DEBUG] Validation started.
27-04-2022 19:31:15.391 [Gauge] [DEBUG] Validation completed.
27-04-2022 19:31:15.704 [Gauge] [DEBUG] Validation started.
27-04-2022 19:31:15.723 [Gauge] [DEBUG] Validation completed.
27-04-2022 19:31:20.426 [Gauge] [DEBUG] Validation started.
27-04-2022 19:31:20.445 [Gauge] [DEBUG] Validation completed.
27-04-2022 19:31:21.456 [Gauge] [DEBUG] Validation started.
27-04-2022 19:31:21.475 [Gauge] [DEBUG] Validation completed.
27-04-2022 19:31:21.682 [Gauge] [DEBUG] Validation started.
27-04-2022 19:31:21.700 [Gauge] [DEBUG] Validation completed.
27-04-2022 19:31:22.419 [Gauge] [DEBUG] Validation started.
27-04-2022 19:31:22.437 [Gauge] [DEBUG] Validation completed.
28-04-2022 08:47:58.674 [Gauge] [INFO] Initializing concepts cache with 0 concepts
28-04-2022 08:47:58.680 [Gauge] [INFO] Initializing specs cache with 1 specs
28-04-2022 08:47:58.680 [Gauge] [DEBUG] Adding specs from /Users/cristianogiulioni/Code/Pill/gauge-pill/specs/example.spec
28-04-2022 08:47:58.680 [Gauge] [INFO] Initializing steps cache with 1 steps
28-04-2022 08:47:58.681 [Gauge] [DEBUG] Watching directory: /Users/cristianogiulioni/Code/Pill/gauge-pill/specs
28-04-2022 08:47:58.681 [Gauge] [DEBUG] Found 1 files
28-04-2022 08:47:58.681 [Gauge] [INFO] Starting language runner
28-04-2022 08:48:05.959 [Gauge] [DEBUG] Attempting to connect to grpc server at port: 64555
28-04-2022 08:48:05.968 [Gauge] [DEBUG] Successfully made the connection with runner with port: 64555
28-04-2022 08:48:05.968 [Gauge] [INFO] LangServer: reading on stdin, writing on stdout
28-04-2022 08:48:06.026 [Gauge] [DEBUG] Validation started.
28-04-2022 08:48:06.107 [Gauge] [DEBUG] Validation completed.
28-04-2022 08:49:54.946 [Gauge] [DEBUG] Validation started.
28-04-2022 08:49:54.973 [Gauge] [DEBUG] Validation completed.
28-04-2022 08:50:18.463 [Gauge] [DEBUG] request #3: textDocument/documentSymbol: parsing failed for /Users/cristianogiulioni/Code/Pill/gauge-pill/specs/example.spec. [[ParseError] /Users/cristianogiulioni/Code/Pill/gauge-pill/specs/example.spec:1 Spec does not have any elements => '']
28-04-2022 08:50:18.552 [Gauge] [DEBUG] Validation started.
28-04-2022 08:50:18.576 [Gauge] [DEBUG] Validation completed.
28-04-2022 08:50:22.567 [Gauge] [DEBUG] request #9: textDocument/codeLens: failed to parse /Users/cristianogiulioni/Code/Pill/gauge-pill/specs/example.spec
/Users/cristianogiulioni/Code/Pill/gauge-pill/specs/example.spec:1 Spec does not have any elements
28-04-2022 08:50:22.642 [Gauge] [DEBUG] Validation started.
28-04-2022 08:50:22.642 [Gauge] [DEBUG] Validation completed.
28-04-2022 08:50:22.662 [Gauge] [DEBUG] request #10: textDocument/documentSymbol: parsing failed for /Users/cristianogiulioni/Code/Pill/gauge-pill/specs/example.spec. [[ParseError] /Users/cristianogiulioni/Code/Pill/gauge-pill/specs/example.spec:1 Spec does not have any elements => '']
28-04-2022 08:50:24.007 [Gauge] [DEBUG] request #11: textDocument/documentSymbol: parsing failed for /Users/cristianogiulioni/Code/Pill/gauge-pill/specs/example.spec. [[ParseError] /Users/cristianogiulioni/Code/Pill/gauge-pill/specs/example.spec:1 Spec does not have any elements => '']
28-04-2022 08:50:24.576 [Gauge] [DEBUG] Validation started.
28-04-2022 08:50:24.576 [Gauge] [DEBUG] Validation completed.
28-04-2022 08:50:24.838 [Gauge] [DEBUG] Validation started.
28-04-2022 08:50:24.839 [Gauge] [DEBUG] Validation completed.
28-04-2022 08:50:28.626 [Gauge] [DEBUG] Validation started.
28-04-2022 08:50:28.627 [Gauge] [DEBUG] Validation completed.
28-04-2022 08:50:29.297 [Gauge] [DEBUG] Validation started.
28-04-2022 08:50:29.297 [Gauge] [DEBUG] Validation completed.
28-04-2022 08:50:29.815 [Gauge] [DEBUG] request #15: textDocument/documentSymbol: parsing failed for /Users/cristianogiulioni/Code/Pill/gauge-pill/specs/example.spec. [[ParseError] /Users/cristianogiulioni/Code/Pill/gauge-pill/specs/example.spec:1 Spec does not have any elements => '']
28-04-2022 08:50:30.144 [Gauge] [DEBUG] request #16: textDocument/codeLens: failed to parse /Users/cristianogiulioni/Code/Pill/gauge-pill/specs/example.spec
/Users/cristianogiulioni/Code/Pill/gauge-pill/specs/example.spec:1 Spec does not have any elements
28-04-2022 08:50:30.463 [Gauge] [DEBUG] request #17: textDocument/codeLens: failed to parse /Users/cristianogiulioni/Code/Pill/gauge-pill/specs/example.spec
/Users/cristianogiulioni/Code/Pill/gauge-pill/specs/example.spec:1 Spec does not have any elements
28-04-2022 08:50:32.794 [Gauge] [DEBUG] request #18: textDocument/documentSymbol: parsing failed for /Users/cristianogiulioni/Code/Pill/gauge-pill/specs/example.spec. [[ParseError] /Users/cristianogiulioni/Code/Pill/gauge-pill/specs/example.spec:1 Spec does not have any elements => '']
